<?xml version="1.0" encoding="UTF-8"?>
<!-- Generated by org.testng.reporters.JUnitReportReporter -->
<testsuite hostname="android" name="com.testapp.galenframework.regression.Tests" tests="2" failures="0" timestamp="21 May 2017 00:13:19 GMT" time="13.254" errors="0">
  <testcase name="testlogincorrectUserandPass" time="6.768" classname="com.testapp.galenframework.regression.Tests"/>
  <testcase name="testloginWrongUserandPass" time="6.486" classname="com.testapp.galenframework.regression.Tests"/>
</testsuite> <!-- com.testapp.galenframework.regression.Tests -->
